[debug] [2022-08-28T15:37:50.775Z] ----------------------------------------------------------------------
[debug] [2022-08-28T15:37:50.777Z] Command:       C:\Program Files\nodejs\node.exe C:\Users\Vishesh\AppData\Roaming\npm\node_modules\firebase-tools\lib\bin\firebase.js init
[debug] [2022-08-28T15:37:50.778Z] CLI Version:   11.8.0
[debug] [2022-08-28T15:37:50.778Z] Platform:      win32
[debug] [2022-08-28T15:37:50.778Z] Node Version:  v16.15.1
[debug] [2022-08-28T15:37:50.779Z] Time:          Sun Aug 28 2022 21:07:50 GMT+0530 (India Standard Time)
[debug] [2022-08-28T15:37:50.780Z] ----------------------------------------------------------------------
[debug] 
[debug] [2022-08-28T15:37:50.863Z] > command requires scopes: ["email","openid","https://www.googleapis.com/auth/cloudplatformprojects.readonly","https://www.googleapis.com/auth/firebase","https://www.googleapis.com/auth/cloud-platform"]
[debug] [2022-08-28T15:37:50.864Z] > authorizing via signed-in user (vishesh9987@gmail.com)
[info] 
     ######## #### ########  ######## ########     ###     ######  ########
     ##        ##  ##     ## ##       ##     ##  ##   ##  ##       ##
     ######    ##  ########  ######   ########  #########  ######  ######
     ##        ##  ##    ##  ##       ##     ## ##     ##       ## ##
     ##       #### ##     ## ######## ########  ##     ##  ######  ########

You're about to initialize a Firebase project in this directory:

  C:\Users\Vishesh\OneDrive\Desktop\webtuts\twitter-clone

Before we get started, keep in mind:

  * You are initializing within an existing Firebase project directory

[info] 
=== Project Setup
[info] 
[info] First, let's associate this project directory with a Firebase project.
[info] You can create multiple project aliases by running firebase use --add, 
[info] but for now we'll just set up a default project.
[info] 
[debug] [2022-08-28T15:38:12.272Z] Using project from CLI flag: tesla-clone-6c008
[debug] [2022-08-28T15:38:12.277Z] >>> [apiv2][query] GET https://firebase.googleapis.com/v1beta1/projects/tesla-clone-6c008 [none]
[debug] [2022-08-28T15:38:13.281Z] <<< [apiv2][status] GET https://firebase.googleapis.com/v1beta1/projects/tesla-clone-6c008 200
[debug] [2022-08-28T15:38:13.281Z] <<< [apiv2][body] GET https://firebase.googleapis.com/v1beta1/projects/tesla-clone-6c008 {"projectId":"tesla-clone-6c008","projectNumber":"368020443077","displayName":"tesla-clone","name":"projects/tesla-clone-6c008","resources":{"hostingSite":"tesla-clone-6c008","storageBucket":"tesla-clone-6c008.appspot.com","locationId":"us-central"},"state":"ACTIVE","etag":"1_97e7801c-2db5-4722-b997-db883de7fa40"}
[info] i  Using project tesla-clone-6c008 (tesla-clone) 
[info] 
=== Hosting Setup
[info] 
[info] Your public directory is the folder (relative to your project directory) that
[info] will contain Hosting assets to be uploaded with firebase deploy. If you
[info] have a build process for your assets, use your build's output directory.
[info] 
